生成启动时间为 2019/8/11 12:43:35。
     1>项目“H:\wzh_all_git_project\design_patterns\design_patterns\design_patterns\design_patterns.vcxproj”在节点 2 上(Build 个目标)。
     1>ClCompile:
         C:\重要软件\VS2013\VS\VC\bin\CL.exe /c /ZI /nologo /W3 /WX- /sdl /Od /Oy- /D WIN32 /D _DEBUG /D _CONSOLE /D _LIB /D _UNICODE /D UNICODE /Gm /EHsc /RTC1 /MDd /GS /fp:precise /Zc:wchar_t /Zc:forScope /Fo"Debug\\" /Fd"Debug\vc120.pdb" /Gd /TP /analyze- /errorReport:prompt bridge.cpp decorator.cpp design_patterns.cpp event.cpp factory_method.cpp prototype.cpp strategy.cpp template_method.cpp
         template_method.cpp
         strategy.cpp
         prototype.cpp
         factory_method.cpp
         event.cpp
         design_patterns.cpp
         decorator.cpp
         bridge.cpp
         正在生成代码...
       Link:
         C:\重要软件\VS2013\VS\VC\bin\link.exe /ERRORREPORT:PROMPT /OUT:"H:\wzh_all_git_project\design_patterns\design_patterns\Debug\design_patterns.exe" /INCREMENTAL /NOLOGO kernel32.lib user32.lib gdi32.lib winspool.lib comdlg32.lib advapi32.lib shell32.lib ole32.lib oleaut32.lib uuid.lib odbc32.lib odbccp32.lib /MANIFEST /MANIFESTUAC:"level='asInvoker' uiAccess='false'" /manifest:embed /DEBUG /PDB:"H:\wzh_all_git_project\design_patterns\design_patterns\Debug\design_patterns.pdb" /SUBSYSTEM:CONSOLE /TLBID:1 /DYNAMICBASE /NXCOMPAT /IMPLIB:"H:\wzh_all_git_project\design_patterns\design_patterns\Debug\design_patterns.lib" /MACHINE:X86 Debug\abstract_factory.obj
         Debug\bridge.obj
         Debug\decorator.obj
         Debug\design_patterns.obj
         Debug\event.obj
         Debug\factory_method.obj
         Debug\prototype.obj
         Debug\strategy.obj
         Debug\template_method.obj
         design_patterns.vcxproj -> H:\wzh_all_git_project\design_patterns\design_patterns\Debug\design_patterns.exe
     1>已完成生成项目“H:\wzh_all_git_project\design_patterns\design_patterns\design_patterns\design_patterns.vcxproj”(Build 个目标)的操作。

生成成功。

已用时间 00:00:03.43
